Arguments: 
  D:\Program Files\nodejs\node.exe C:\Users\heyanzhu\AppData\Roaming\npm\node_modules\yarn\bin\yarn.js start

PATH: 
  C:\Users\heyanzhu\bin;D:\Program Files (x86)\Git\mingw32\bin;D:\Program Files (x86)\Git\usr\local\bin;D:\Program Files (x86)\Git\usr\bin;D:\Program Files (x86)\Git\usr\bin;D:\Program Files (x86)\Git\mingw32\bin;D:\Program Files (x86)\Git\usr\bin;C:\Users\heyanzhu\bin;C:\Windows\system32;C:\Windows;C:\Windows\System32\Wbem;C:\Windows\System32\WindowsPowerShell\v1.0;D:\Python\Python35\Scripts;D:\Program Files\nodejs;D:\Python\Python35\Scripts;D:\Python\Python35;D:\Python\Python36\Scripts;D:\Python\Python36;C:\Users\heyanzhu\AppData\Local\Microsoft\WindowsApps;C:\Users\heyanzhu\AppData\Roaming\npm;D:\Program Files (x86)\Git\usr\bin\vendor_perl;D:\Program Files (x86)\Git\usr\bin\core_perl

Yarn version: 
  1.5.1

Node version: 
  8.11.1

Platform: 
  win32 x64

npm manifest: 
  No manifest

yarn manifest: 
  No manifest

Lockfile: 
  No lockfile

Trace: 
  Error: Couldn't find a package.json file in "E:\\html\\antd-demo"
      at new MessageError (C:\Users\heyanzhu\AppData\Roaming\npm\node_modules\yarn\lib\cli.js:186:110)
      at C:\Users\heyanzhu\AppData\Roaming\npm\node_modules\yarn\lib\cli.js:40048:15
      at Generator.next (<anonymous>)
      at step (C:\Users\heyanzhu\AppData\Roaming\npm\node_modules\yarn\lib\cli.js:98:30)
      at C:\Users\heyanzhu\AppData\Roaming\npm\node_modules\yarn\lib\cli.js:109:13
      at <anonymous>
